TN:
SF:apps/mcp/src/schemas.ts
FNF:0
FNH:0
DA:1,1
DA:3,1
DA:4,1
DA:5,1
DA:6,1
DA:7,1
DA:8,1
DA:9,1
DA:10,1
DA:12,1
DA:13,1
DA:14,1
DA:16,1
DA:17,1
DA:18,1
DA:19,1
DA:21,1
DA:22,1
DA:23,1
DA:24,1
DA:25,1
DA:26,1
DA:27,1
DA:28,1
DA:29,1
DA:30,1
DA:31,1
DA:32,1
DA:33,1
DA:34,1
DA:35,1
DA:36,1
DA:37,1
DA:38,1
DA:39,1
DA:40,1
DA:41,1
DA:43,1
DA:44,1
DA:45,1
DA:46,1
DA:47,1
DA:48,1
DA:49,1
DA:50,1
DA:51,1
DA:52,1
DA:53,1
DA:54,1
DA:55,1
DA:56,1
DA:57,1
DA:58,1
DA:59,1
DA:60,1
DA:61,1
DA:63,1
DA:64,1
DA:65,1
LF:59
LH:59
BRF:0
BRH:0
end_of_record
TN:
SF:apps/mcp/src/tools.ts
FN:7,<instance_members_initializer>
FN:8,McpToolError
FN:15,mapError
FN:26,fixedPriceSurface
FN:30,registerProvider
FN:73,getProviders
FN:85,getProviderCalibration
FN:102,submitTask
FN:150,submitGraph
FN:179,getReceipt
FN:189,getStatus
FN:193,allocationSummary
FNF:12
FNH:12
FNDA:6,<instance_members_initializer>
FNDA:6,McpToolError
FNDA:5,mapError
FNDA:6,fixedPriceSurface
FNDA:6,registerProvider
FNDA:1,getProviders
FNDA:1,getProviderCalibration
FNDA:3,submitTask
FNDA:2,submitGraph
FNDA:2,getReceipt
FNDA:1,getStatus
FNDA:1,allocationSummary
DA:1,1
DA:6,1
DA:7,1
DA:8,1
DA:9,6
DA:10,6
DA:11,6
DA:12,6
DA:13,1
DA:15,1
DA:16,5
DA:17,2
DA:18,2
DA:19,5
DA:20,5
DA:21,1
DA:22,1
DA:23,1
DA:24,1
DA:26,6
DA:27,6
DA:28,6
DA:30,6
DA:31,6
DA:32,6
DA:33,6
DA:34,6
DA:35,6
DA:36,6
DA:37,6
DA:38,6
DA:39,6
DA:40,6
DA:41,6
DA:43,6
DA:44,0
DA:45,0
DA:46,0
DA:47,0
DA:48,0
DA:49,0
DA:50,0
DA:51,0
DA:52,0
DA:53,0
DA:54,0
DA:55,0
DA:56,0
DA:58,6
DA:59,6
DA:60,6
DA:61,6
DA:62,6
DA:63,6
DA:64,6
DA:65,6
DA:66,6
DA:67,6
DA:68,6
DA:69,6
DA:70,6
DA:71,6
DA:73,1
DA:74,1
DA:75,1
DA:76,1
DA:77,1
DA:78,1
DA:79,1
DA:80,1
DA:81,1
DA:82,1
DA:83,1
DA:85,1
DA:86,1
DA:87,1
DA:88,1
DA:89,1
DA:90,1
DA:91,1
DA:92,1
DA:93,1
DA:94,1
DA:95,1
DA:96,1
DA:97,1
DA:98,1
DA:99,1
DA:100,1
DA:102,3
DA:103,3
DA:104,3
DA:105,3
DA:107,3
DA:108,2
DA:109,2
DA:110,2
DA:111,2
DA:112,2
DA:113,2
DA:114,2
DA:115,2
DA:116,2
DA:117,3
DA:118,0
DA:119,0
DA:120,0
DA:121,0
DA:122,0
DA:124,3
DA:125,3
DA:126,3
DA:127,3
DA:128,3
DA:129,3
DA:130,3
DA:131,3
DA:132,3
DA:136,3
DA:137,3
DA:138,3
DA:139,3
DA:140,3
DA:141,3
DA:142,3
DA:143,3
DA:144,3
DA:145,3
DA:147,3
DA:148,3
DA:150,2
DA:151,2
DA:152,2
DA:153,2
DA:154,3
DA:155,3
DA:156,2
DA:157,2
DA:158,2
DA:159,2
DA:160,2
DA:161,1
DA:162,1
DA:163,1
DA:164,1
DA:165,1
DA:166,1
DA:167,1
DA:168,1
DA:169,1
DA:170,1
DA:171,1
DA:172,1
DA:173,1
DA:174,1
DA:175,1
DA:176,1
DA:177,2
DA:179,2
DA:180,2
DA:181,2
DA:182,1
DA:183,1
DA:184,1
DA:185,1
DA:186,2
DA:187,2
DA:189,1
DA:190,1
DA:191,1
DA:193,1
DA:194,1
DA:195,1
DA:196,1
DA:197,1
DA:198,1
DA:199,1
DA:200,1
LF:178
LH:160
BRDA:7,0,0,6
BRDA:8,1,0,6
BRDA:15,2,0,5
BRDA:16,3,0,2
BRDA:18,4,0,3
BRDA:19,5,0,1
BRDA:19,6,0,2
BRDA:20,7,0,1
BRDA:26,8,0,6
BRDA:27,9,0,18
BRDA:30,10,0,6
BRDA:38,11,0,2
BRDA:43,12,0,0
BRDA:66,13,0,0
BRDA:73,14,0,1
BRDA:75,15,0,1
BRDA:85,16,0,1
BRDA:102,17,0,3
BRDA:107,18,0,2
BRDA:107,19,0,2
BRDA:117,20,0,1
BRDA:117,21,0,0
BRDA:128,22,0,1
BRDA:136,23,0,2
BRDA:150,24,0,2
BRDA:160,25,0,1
BRDA:153,26,0,3
BRDA:179,27,0,2
BRDA:181,28,0,1
BRDA:186,29,0,0
BRDA:185,30,0,1
BRDA:189,31,0,1
BRDA:193,32,0,1
BRF:33
BRH:29
end_of_record
TN:
SF:apps/sim/src/loop.ts
FN:45,seedProviders
FN:84,runSingleTaskLoop
FN:207,runGraphIteration
FN:221,lemonWinShare
FNF:4
FNH:3
FNDA:4,seedProviders
FNDA:4,runSingleTaskLoop
FNDA:0,runGraphIteration
FNDA:2,lemonWinShare
DA:1,1
DA:45,4
DA:46,4
DA:47,4
DA:49,4
DA:50,16
DA:51,16
DA:52,16
DA:53,16
DA:54,16
DA:56,16
DA:57,16
DA:58,16
DA:59,16
DA:61,16
DA:62,16
DA:63,16
DA:64,16
DA:65,16
DA:66,16
DA:67,16
DA:68,16
DA:69,16
DA:70,16
DA:72,4
DA:73,4
DA:74,16
DA:75,4
DA:76,4
DA:77,16
DA:78,4
DA:79,4
DA:81,4
DA:82,4
DA:84,4
DA:85,4
DA:86,4
DA:87,4
DA:88,4
DA:89,4
DA:90,4
DA:91,4
DA:92,4
DA:93,4
DA:95,4
DA:96,4
DA:97,4
DA:98,16
DA:99,16
DA:100,16
DA:101,16
DA:102,16
DA:103,16
DA:104,16
DA:105,16
DA:106,16
DA:107,16
DA:108,16
DA:109,16
DA:111,4
DA:113,4
DA:114,76
DA:115,76
DA:116,76
DA:117,76
DA:118,76
DA:119,76
DA:120,76
DA:121,76
DA:122,76
DA:123,76
DA:124,76
DA:126,76
DA:127,44
DA:128,44
DA:129,44
DA:130,44
DA:131,44
DA:132,88
DA:133,88
DA:134,44
DA:135,44
DA:137,76
DA:138,32
DA:139,32
DA:141,76
DA:142,76
DA:143,76
DA:144,76
DA:146,76
DA:147,76
DA:149,76
DA:150,76
DA:151,76
DA:154,76
DA:155,76
DA:156,76
DA:157,76
DA:158,76
DA:159,76
DA:160,76
DA:161,76
DA:162,76
DA:164,76
DA:165,76
DA:166,76
DA:167,76
DA:168,76
DA:170,76
DA:171,76
DA:172,76
DA:173,76
DA:174,76
DA:175,76
DA:176,76
DA:177,76
DA:178,76
DA:179,32
DA:180,44
DA:181,76
DA:182,76
DA:183,1
DA:184,75
DA:185,76
DA:186,76
DA:187,76
DA:189,4
DA:190,16
DA:191,16
DA:192,4
DA:193,12
DA:194,16
DA:195,16
DA:196,1
DA:197,15
DA:198,16
DA:200,4
DA:201,4
DA:202,4
DA:203,4
DA:204,4
DA:205,4
DA:207,0
DA:208,0
DA:209,0
DA:210,0
DA:211,0
DA:212,0
DA:213,0
DA:214,0
DA:215,0
DA:216,0
DA:217,0
DA:218,0
DA:219,0
DA:221,1
DA:222,2
DA:223,2
DA:224,2
DA:225,2
DA:226,2
LF:161
LH:148
BRDA:45,0,0,4
BRDA:49,1,0,16
BRDA:54,2,0,4
BRDA:73,3,0,16
BRDA:74,4,0,4
BRDA:84,5,0,4
BRDA:89,6,0,0
BRDA:90,7,0,0
BRDA:91,8,0,0
BRDA:97,9,0,16
BRDA:113,10,0,76
BRDA:114,11,0,44
BRDA:114,12,0,32
BRDA:126,13,0,44
BRDA:137,14,0,32
BRDA:165,15,0,32
BRDA:178,16,0,32
BRDA:178,17,0,32
BRDA:179,18,0,44
BRDA:182,19,0,32
BRDA:182,20,0,1
BRDA:183,21,0,75
BRDA:189,22,0,16
BRDA:191,23,0,4
BRDA:191,24,0,4
BRDA:192,25,0,12
BRDA:195,26,0,4
BRDA:195,27,0,1
BRDA:196,28,0,15
BRDA:92,29,0,228
BRDA:95,30,0,16
BRDA:127,31,0,44
BRDA:131,32,0,88
BRDA:221,33,0,2
BRDA:224,34,0,0
BRDA:222,35,0,2
BRDA:223,36,0,8
BRF:37
BRH:33
end_of_record
TN:
SF:apps/sim/src/roster.ts
FN:16,synthCalibration
FN:104,providerProfileFromSeed
FN:111,priceSurface
FN:117,calibrationFromSeed
FN:129,solverProviderFromSeed
FN:143,budgetBottleneckGraph
FN:163,makeTask
FNF:7
FNH:7
FNDA:17,synthCalibration
FNDA:16,providerProfileFromSeed
FNDA:48,priceSurface
FNDA:17,calibrationFromSeed
FNDA:1,solverProviderFromSeed
FNDA:1,budgetBottleneckGraph
FNDA:2,makeTask
DA:1,1
DA:16,17
DA:17,17
DA:18,17
DA:19,17
DA:20,17
DA:21,17
DA:22,17
DA:23,17
DA:24,17
DA:25,17
DA:26,340
DA:27,340
DA:28,340
DA:29,340
DA:30,340
DA:31,340
DA:32,340
DA:33,340
DA:34,340
DA:35,340
DA:36,340
DA:37,17
DA:38,17
DA:53,1
DA:54,1
DA:55,1
DA:56,1
DA:57,1
DA:58,1
DA:59,1
DA:60,1
DA:61,1
DA:62,1
DA:63,1
DA:64,1
DA:65,1
DA:66,1
DA:67,1
DA:68,1
DA:69,1
DA:70,1
DA:71,1
DA:72,1
DA:73,1
DA:74,1
DA:75,1
DA:76,1
DA:77,1
DA:78,1
DA:79,1
DA:80,1
DA:81,1
DA:82,1
DA:83,1
DA:84,1
DA:85,1
DA:86,1
DA:87,1
DA:88,1
DA:89,1
DA:90,1
DA:91,1
DA:92,1
DA:93,1
DA:94,1
DA:95,1
DA:96,1
DA:97,1
DA:98,1
DA:99,1
DA:100,1
DA:101,1
DA:102,1
DA:104,1
DA:105,16
DA:106,16
DA:107,16
DA:108,16
DA:109,16
DA:110,16
DA:111,16
DA:112,16
DA:113,16
DA:114,16
DA:115,16
DA:117,1
DA:118,17
DA:119,17
DA:120,17
DA:121,17
DA:122,17
DA:123,17
DA:124,17
DA:125,17
DA:126,17
DA:127,17
DA:129,1
DA:130,1
DA:131,1
DA:132,1
DA:133,1
DA:134,1
DA:135,1
DA:136,1
DA:137,1
DA:138,1
DA:139,1
DA:140,1
DA:141,1
DA:143,1
DA:144,1
DA:145,1
DA:146,1
DA:147,1
DA:148,1
DA:149,1
DA:150,1
DA:151,1
DA:152,1
DA:153,1
DA:154,1
DA:155,1
DA:156,1
DA:157,1
DA:158,1
DA:159,1
DA:160,1
DA:161,1
DA:163,2
DA:164,2
DA:165,2
DA:166,2
DA:167,2
DA:168,2
DA:169,2
DA:170,2
DA:171,2
DA:172,2
DA:173,2
DA:174,2
DA:175,2
DA:176,2
DA:177,2
DA:178,2
DA:179,2
DA:180,2
LF:147
LH:147
BRDA:16,0,0,17
BRDA:25,1,0,340
BRDA:30,2,0,203
BRDA:30,3,0,137
BRDA:104,4,0,16
BRDA:111,5,0,48
BRDA:117,6,0,17
BRDA:129,7,0,1
BRDA:143,8,0,1
BRDA:163,9,0,2
BRF:10
BRH:10
end_of_record
TN:
SF:packages/provider-llm/src/calibration.ts
FN:13,calibrationFromSpec
FNF:1
FNH:1
FNDA:7,calibrationFromSpec
DA:1,1
DA:13,1
DA:14,7
DA:15,7
DA:16,7
DA:17,140
DA:18,140
DA:19,140
DA:20,140
DA:21,140
DA:22,140
DA:23,140
DA:24,140
DA:25,140
DA:26,140
DA:27,140
DA:28,7
DA:29,7
LF:18
LH:18
BRDA:13,0,0,7
BRDA:16,1,0,140
BRDA:21,2,0,80
BRDA:21,3,0,60
BRF:4
BRH:4
end_of_record
TN:
SF:packages/provider-llm/src/client.ts
FN:28,createLlmClient
FNF:1
FNH:1
FNDA:5,createLlmClient
DA:1,1
DA:28,1
DA:29,5
DA:30,5
DA:31,1
DA:32,1
DA:33,1
DA:34,1
DA:35,1
DA:36,1
DA:37,4
DA:38,4
LF:12
LH:12
BRDA:28,0,0,5
BRDA:29,1,0,1
BRDA:30,2,0,1
BRDA:33,3,0,0
BRDA:34,4,0,0
BRDA:36,5,0,4
BRF:6
BRH:4
end_of_record
TN:
SF:packages/provider-llm/src/mock-llm.ts
FN:16,MockLlmClient
FN:16,<instance_members_initializer>
FN:18,complete
FN:31,pickWrong
FNF:4
FNH:4
FNDA:17,MockLlmClient
FNDA:17,<instance_members_initializer>
FNDA:24,complete
FNDA:10,pickWrong
DA:1,1
DA:13,1
DA:14,1
DA:16,1
DA:18,1
DA:19,24
DA:20,24
DA:21,24
DA:22,24
DA:23,24
DA:24,24
DA:25,24
DA:26,24
DA:27,0
DA:28,24
DA:29,1
DA:31,10
DA:32,10
DA:33,10
DA:34,0
DA:35,0
DA:36,10
DA:37,10
LF:23
LH:20
BRDA:16,0,0,17
BRDA:16,1,0,17
BRDA:18,2,0,24
BRDA:19,3,0,0
BRDA:21,4,0,0
BRDA:23,5,0,14
BRDA:23,6,0,14
BRDA:23,7,0,10
BRDA:26,8,0,0
BRDA:19,9,0,47
BRDA:31,10,0,10
BRDA:33,11,0,0
BRF:12
BRH:8
end_of_record
TN:
SF:packages/provider-llm/src/openai-compat.ts
FN:14,OpenAiCompatClient
FN:16,complete
FNF:2
FNH:2
FNDA:2,OpenAiCompatClient
FNDA:1,complete
DA:13,1
DA:14,1
DA:16,1
DA:17,1
DA:18,1
DA:19,1
DA:20,1
DA:21,1
DA:22,1
DA:23,1
DA:24,1
DA:25,1
DA:27,1
DA:28,1
DA:29,1
DA:30,1
DA:31,1
DA:32,1
DA:33,1
DA:34,1
DA:36,1
DA:37,0
DA:38,0
DA:39,0
DA:41,1
DA:44,1
DA:45,1
DA:46,0
DA:47,0
DA:48,1
DA:49,1
DA:50,1
LF:32
LH:27
BRDA:14,0,0,2
BRDA:16,1,0,1
BRDA:36,2,0,0
BRDA:45,3,0,0
BRF:4
BRH:2
end_of_record
TN:
SF:packages/provider-llm/src/quotes.ts
FN:10,<instance_members_initializer>
FN:12,seed
FN:21,setQuote
FN:25,quotesFor
FNF:4
FNH:4
FNDA:5,<instance_members_initializer>
FNDA:3,seed
FNDA:1,setQuote
FNDA:3,quotesFor
DA:1,1
DA:9,1
DA:10,1
DA:12,1
DA:13,3
DA:14,9
DA:15,9
DA:16,7
DA:17,7
DA:18,9
DA:19,3
DA:21,1
DA:22,1
DA:23,1
DA:25,1
DA:26,3
DA:27,3
DA:28,3
DA:29,3
DA:30,3
DA:31,5
DA:32,5
DA:33,5
DA:34,3
DA:35,3
DA:36,1
LF:26
LH:26
BRDA:10,0,0,5
BRDA:12,1,0,3
BRDA:13,2,0,9
BRDA:15,3,0,7
BRDA:21,4,0,1
BRDA:25,5,0,3
BRDA:30,6,0,5
BRF:7
BRH:7
end_of_record
TN:
SF:packages/provider-llm/src/roster.ts
FN:23,lookupAnswer
FN:31,extractQuestion
FN:97,makeQaTask
FN:114,nextDemoQa
FN:118,providerProfileFromSpec
FN:125,priceSurface
FN:131,quoteFromSpec
FNF:7
FNH:7
FNDA:25,lookupAnswer
FNDA:25,extractQuestion
FNDA:7,makeQaTask
FNDA:7,nextDemoQa
FNDA:7,providerProfileFromSpec
FNDA:18,priceSurface
FNDA:8,quoteFromSpec
DA:12,1
DA:13,1
DA:14,1
DA:15,1
DA:16,1
DA:17,1
DA:18,1
DA:19,1
DA:20,1
DA:21,1
DA:23,1
DA:24,25
DA:25,25
DA:26,25
DA:27,25
DA:28,25
DA:29,25
DA:31,25
DA:32,25
DA:33,25
DA:34,25
DA:51,1
DA:52,1
DA:53,1
DA:54,1
DA:55,1
DA:56,1
DA:57,1
DA:58,1
DA:59,1
DA:60,1
DA:61,1
DA:62,1
DA:63,1
DA:64,1
DA:65,1
DA:66,1
DA:67,1
DA:68,1
DA:69,1
DA:70,1
DA:71,1
DA:72,1
DA:73,1
DA:74,1
DA:75,1
DA:76,1
DA:77,1
DA:78,1
DA:79,1
DA:80,1
DA:81,1
DA:82,1
DA:83,1
DA:84,1
DA:85,1
DA:86,1
DA:87,1
DA:88,1
DA:90,1
DA:91,1
DA:92,1
DA:93,1
DA:94,1
DA:95,1
DA:97,1
DA:98,7
DA:99,7
DA:100,7
DA:101,7
DA:102,7
DA:103,7
DA:104,7
DA:105,7
DA:106,7
DA:107,7
DA:108,7
DA:109,7
DA:110,7
DA:111,7
DA:112,7
DA:114,1
DA:115,7
DA:116,7
DA:118,1
DA:119,7
DA:120,7
DA:121,7
DA:122,7
DA:123,7
DA:124,7
DA:125,7
DA:126,7
DA:127,7
DA:128,7
DA:129,7
DA:131,1
DA:132,8
DA:133,8
DA:134,8
DA:135,8
DA:136,8
DA:137,8
DA:138,8
DA:139,8
DA:140,8
DA:141,8
DA:142,8
LF:108
LH:108
BRDA:23,0,0,25
BRDA:26,1,0,27
BRDA:31,2,0,25
BRDA:33,3,0,0
BRDA:97,4,0,7
BRDA:114,5,0,7
BRDA:118,6,0,7
BRDA:125,7,0,18
BRDA:131,8,0,8
BRF:9
BRH:8
end_of_record
TN:
SF:packages/provider-llm/src/seed.ts
FN:21,seedLlmProviders
FNF:1
FNH:1
FNDA:2,seedLlmProviders
DA:1,1
DA:21,2
DA:22,2
DA:23,2
DA:24,2
DA:25,2
DA:26,2
DA:27,2
DA:28,2
DA:29,2
DA:31,2
DA:32,6
DA:33,6
DA:34,6
DA:35,6
DA:37,6
DA:38,6
DA:39,6
DA:40,6
DA:42,6
DA:43,6
DA:44,6
DA:45,6
DA:46,6
DA:47,6
DA:49,2
DA:50,2
DA:51,2
LF:28
LH:28
BRDA:21,0,0,2
BRDA:31,1,0,6
BRDA:35,2,0,2
BRF:3
BRH:3
end_of_record
TN:
SF:packages/provider-llm/src/settlement.ts
FN:22,LlmSettlementAdapter
FN:29,registerEndpoint
FN:39,pay
FNF:3
FNH:3
FNDA:5,LlmSettlementAdapter
FNDA:8,registerEndpoint
FNDA:4,pay
DA:1,1
DA:18,1
DA:19,1
DA:20,1
DA:22,1
DA:23,5
DA:24,5
DA:25,5
DA:26,5
DA:27,5
DA:29,1
DA:30,8
DA:31,8
DA:32,8
DA:33,8
DA:34,8
DA:35,8
DA:36,8
DA:37,8
DA:39,1
DA:40,4
DA:41,4
DA:42,4
DA:43,4
DA:44,4
DA:45,1
DA:46,1
DA:48,3
DA:49,3
DA:50,4
DA:51,1
DA:52,1
DA:54,2
DA:55,4
DA:56,0
DA:57,0
DA:59,4
DA:60,4
DA:61,2
DA:63,2
DA:64,2
DA:65,2
DA:66,2
DA:67,2
DA:68,4
DA:69,1
LF:46
LH:44
BRDA:22,0,0,5
BRDA:29,1,0,8
BRDA:39,2,0,4
BRDA:44,3,0,1
BRDA:46,4,0,3
BRDA:50,5,0,2
BRDA:50,6,0,1
BRDA:55,7,0,0
BRDA:57,8,0,2
BRDA:59,9,0,0
BRDA:60,10,0,2
BRF:11
BRH:9
end_of_record
TN:
SF:packages/provider-llm/src/worker.ts
FN:13,runLlmTask
FN:46,parseDeliverable
FNF:2
FNH:2
FNDA:24,runLlmTask
FNDA:24,parseDeliverable
DA:1,1
DA:13,24
DA:14,24
DA:15,24
DA:16,24
DA:17,24
DA:18,24
DA:19,24
DA:20,24
DA:21,24
DA:22,24
DA:23,0
DA:25,24
DA:26,24
DA:27,24
DA:28,24
DA:29,24
DA:31,24
DA:32,24
DA:33,24
DA:34,24
DA:35,24
DA:36,24
DA:37,24
DA:39,24
DA:40,24
DA:42,0
DA:43,24
DA:44,24
DA:46,24
DA:47,24
DA:48,24
DA:49,24
DA:50,23
DA:51,23
DA:52,24
DA:53,1
DA:54,1
DA:55,1
DA:56,0
DA:57,0
LF:41
LH:37
BRDA:13,0,0,24
BRDA:22,1,0,0
BRDA:40,2,0,0
BRDA:46,3,0,24
BRDA:49,4,0,23
BRDA:52,5,0,23
BRDA:52,6,0,1
BRDA:55,7,0,0
BRF:8
BRH:5
end_of_record
TN:
SF:packages/runtime/src/assemble.ts
FN:70,requireEnv
FN:78,assemble
FN:154,createClearinghouseFor
FN:165,health
FNF:4
FNH:4
FNDA:1,requireEnv
FNDA:20,assemble
FNDA:2,createClearinghouseFor
FNDA:2,health
DA:1,1
DA:70,1
DA:71,1
DA:72,1
DA:73,1
DA:74,1
DA:75,0
DA:76,0
DA:78,1
DA:79,20
DA:80,20
DA:81,20
DA:82,20
DA:84,20
DA:85,20
DA:86,20
DA:88,20
DA:89,16
DA:90,16
DA:91,16
DA:92,16
DA:93,16
DA:94,16
DA:95,16
DA:96,16
DA:97,16
DA:98,16
DA:99,16
DA:100,16
DA:101,16
DA:102,20
DA:103,3
DA:104,3
DA:105,3
DA:106,3
DA:107,3
DA:108,3
DA:109,3
DA:110,3
DA:111,3
DA:112,3
DA:113,3
DA:114,3
DA:115,3
DA:116,3
DA:117,3
DA:118,3
DA:119,3
DA:120,3
DA:121,3
DA:122,3
DA:123,3
DA:124,1
DA:125,1
DA:126,1
DA:127,1
DA:128,1
DA:131,1
DA:132,1
DA:133,1
DA:134,1
DA:135,1
DA:136,1
DA:137,1
DA:138,1
DA:139,1
DA:140,1
DA:141,1
DA:142,1
DA:144,19
DA:145,20
DA:147,20
DA:148,20
DA:149,20
DA:150,20
DA:151,20
DA:152,20
DA:153,20
DA:154,20
DA:155,2
DA:156,2
DA:157,2
DA:158,2
DA:159,2
DA:160,2
DA:161,2
DA:162,2
DA:163,2
DA:164,2
DA:165,20
DA:166,2
DA:167,2
DA:168,2
DA:169,2
DA:170,2
DA:171,2
DA:172,20
DA:173,20
LF:98
LH:96
BRDA:70,0,0,1
BRDA:72,1,0,0
BRDA:74,2,0,0
BRDA:78,3,0,20
BRDA:79,4,0,0
BRDA:80,5,0,17
BRDA:88,6,0,16
BRDA:102,7,0,4
BRDA:102,8,0,3
BRDA:105,9,0,0
BRDA:123,10,0,1
BRDA:128,11,0,0
BRDA:142,12,0,19
BRDA:145,13,0,17
BRDA:80,14,0,162
BRDA:110,15,0,1
BRDA:154,16,0,2
BRDA:165,17,0,2
BRF:18
BRH:13
end_of_record
TN:
SF:packages/runtime/src/execute-clearing.ts
FN:49,buildParentMap
FN:60,allocationFor
FN:75,executeClearing
FNF:3
FNH:3
FNDA:5,buildParentMap
FNDA:3,allocationFor
FNDA:5,executeClearing
DA:49,5
DA:50,5
DA:51,5
DA:52,9
DA:53,9
DA:54,5
DA:55,4
DA:56,4
DA:57,5
DA:58,5
DA:60,3
DA:61,3
DA:62,3
DA:63,3
DA:64,3
DA:65,1
DA:66,1
DA:67,3
DA:68,3
DA:69,3
DA:70,1
DA:71,1
DA:72,3
DA:73,3
DA:75,5
DA:76,5
DA:77,5
DA:78,5
DA:79,5
DA:80,5
DA:81,5
DA:82,5
DA:83,5
DA:84,5
DA:85,5
DA:87,5
DA:88,5
DA:89,5
DA:91,5
DA:92,3
DA:93,3
DA:94,3
DA:95,3
DA:96,3
DA:97,3
DA:98,3
DA:99,3
DA:100,3
DA:101,3
DA:102,3
DA:103,3
DA:104,3
DA:106,5
DA:107,9
DA:108,9
DA:110,9
DA:111,9
DA:112,3
DA:114,9
DA:115,2
DA:116,2
DA:117,2
DA:118,2
DA:119,2
DA:120,2
DA:121,2
DA:123,7
DA:124,7
DA:125,7
DA:126,7
DA:128,9
DA:129,3
DA:130,9
DA:132,9
DA:133,1
DA:134,1
DA:135,1
DA:136,1
DA:137,1
DA:138,1
DA:139,1
DA:140,1
DA:141,1
DA:142,1
DA:143,1
DA:144,1
DA:145,1
DA:146,1
DA:147,1
DA:148,1
DA:149,1
DA:150,1
DA:151,1
DA:152,1
DA:153,1
DA:154,1
DA:155,1
DA:156,1
DA:157,1
DA:158,1
DA:159,1
DA:161,6
DA:162,6
DA:164,9
DA:165,5
DA:166,5
DA:167,5
DA:168,5
DA:169,5
DA:170,5
DA:171,5
DA:172,5
DA:174,6
DA:175,6
DA:176,6
DA:177,9
DA:179,6
DA:180,6
DA:181,6
DA:182,6
DA:183,6
DA:184,6
DA:186,6
DA:187,6
DA:189,9
DA:190,1
DA:191,1
DA:193,9
DA:194,5
DA:195,5
DA:196,5
DA:197,5
DA:198,5
DA:199,5
DA:200,5
DA:201,5
DA:202,5
DA:203,5
DA:204,5
DA:205,5
DA:206,5
DA:207,5
DA:208,5
DA:210,6
DA:211,6
DA:212,6
DA:213,6
DA:214,6
DA:215,6
DA:216,6
DA:217,6
DA:218,6
DA:220,5
DA:221,5
LF:154
LH:154
BRDA:49,0,0,5
BRDA:51,1,0,9
BRDA:54,2,0,4
BRDA:60,3,0,3
BRDA:68,4,0,0
BRDA:64,5,0,1
BRDA:69,6,0,1
BRDA:75,7,0,5
BRDA:81,8,0,2
BRDA:91,9,0,3
BRDA:99,10,0,2
BRDA:106,11,0,9
BRDA:108,12,0,0
BRDA:111,13,0,3
BRDA:114,14,0,2
BRDA:121,15,0,7
BRDA:128,16,0,0
BRDA:132,17,0,1
BRDA:159,18,0,6
BRDA:164,19,0,5
BRDA:172,20,0,6
BRDA:177,21,0,6
BRDA:189,22,0,1
BRDA:191,23,0,6
BRDA:193,24,0,5
BRDA:196,25,0,1
BRDA:196,26,0,4
BRDA:208,27,0,6
BRDA:81,28,0,11
BRDA:88,29,0,4
BRDA:107,30,0,13
BRDA:111,31,0,10
BRDA:128,32,0,3
BRF:33
BRH:30
end_of_record
TN:
SF:packages/runtime/src/provider-projection.ts
FN:19,toSolverProvider
FN:41,solverProvidersFor
FNF:2
FNH:2
FNDA:5,toSolverProvider
FNDA:3,solverProvidersFor
DA:1,1
DA:16,1
DA:17,1
DA:19,1
DA:20,5
DA:21,5
DA:22,5
DA:23,5
DA:24,5
DA:25,5
DA:26,5
DA:27,5
DA:28,5
DA:29,5
DA:30,5
DA:31,5
DA:32,5
DA:33,5
DA:34,5
DA:35,5
DA:36,5
DA:37,5
DA:38,5
DA:41,3
DA:42,3
DA:43,3
DA:44,3
DA:45,3
DA:46,3
DA:47,3
DA:48,3
DA:50,3
DA:51,4
DA:52,4
DA:53,3
DA:54,3
DA:55,3
DA:56,2
DA:57,3
DA:58,3
DA:59,3
DA:60,3
DA:61,3
DA:62,3
DA:63,3
DA:64,3
DA:65,3
DA:66,4
DA:68,3
DA:69,3
LF:50
LH:50
BRDA:19,0,0,5
BRDA:31,1,0,1
BRDA:31,2,0,4
BRDA:32,3,0,1
BRDA:32,4,0,4
BRDA:33,5,0,1
BRDA:33,6,0,4
BRDA:41,7,0,3
BRDA:50,8,0,4
BRDA:52,9,0,3
BRDA:53,10,0,0
BRDA:55,11,0,2
BRDA:46,12,0,4
BRDA:61,13,0,3
BRF:14
BRH:13
end_of_record
TN:
SF:packages/store-sqlite/src/price-surface.ts
FN:11,encodePriceSurface
FN:29,decodePriceSurface
FNF:2
FNH:2
FNDA:39,encodePriceSurface
FNDA:586,decodePriceSurface
DA:11,1
DA:14,39
DA:15,39
DA:16,39
DA:17,39
DA:18,39
DA:19,39
DA:20,39
DA:21,38
DA:22,38
DA:23,1
DA:24,1
DA:25,1
DA:26,1
DA:27,1
DA:29,1
DA:30,586
DA:31,586
DA:32,586
DA:33,586
DA:34,584
DA:35,584
DA:36,584
DA:37,2
DA:38,586
DA:39,586
DA:40,586
DA:41,2
DA:42,586
LF:29
LH:29
BRDA:11,0,0,39
BRDA:20,1,0,38
BRDA:20,2,0,38
BRDA:22,3,0,1
BRDA:29,4,0,586
BRDA:33,5,0,584
BRDA:36,6,0,3
BRDA:36,7,0,2
BRDA:38,8,0,1
BRDA:39,9,0,1
BRDA:35,10,0,6
BRDA:40,11,0,2
BRF:12
BRH:12
end_of_record
TN:
SF:packages/store-sqlite/src/store.ts
FN:122,<instance_members_initializer>
FN:137,SqliteStore
FN:232,close
FN:237,reopen
FN:241,getProvider
FN:246,putProvider
FN:261,listProviders
FN:270,getCalibration
FN:280,putCalibration
FN:295,getTask
FN:300,putTask
FN:304,putBond
FN:315,putOutcome
FN:328,appendEvent
FN:340,listEvents
FN:352,listAllProviders
FN:359,listAllCalibrations
FN:366,listOutcomes
FN:430,rowToProvider
FN:446,rowToCalibration
FNF:20
FNH:19
FNDA:26,<instance_members_initializer>
FNDA:26,SqliteStore
FNDA:25,close
FNDA:1,reopen
FNDA:257,getProvider
FNDA:37,putProvider
FNDA:87,listProviders
FNDA:246,getCalibration
FNDA:109,putCalibration
FNDA:332,getTask
FNDA:86,putTask
FNDA:171,putBond
FNDA:86,putOutcome
FNDA:102,appendEvent
FNDA:2,listEvents
FNDA:4,listAllProviders
FNDA:0,listAllCalibrations
FNDA:3,listOutcomes
FNDA:583,rowToProvider
FNDA:233,rowToCalibration
DA:1,1
DA:50,1
DA:121,1
DA:122,1
DA:123,26
DA:125,26
DA:126,26
DA:127,26
DA:128,26
DA:129,26
DA:130,26
DA:131,26
DA:132,26
DA:133,26
DA:134,26
DA:135,26
DA:137,1
DA:138,26
DA:139,26
DA:140,26
DA:141,26
DA:143,26
DA:160,26
DA:162,26
DA:163,26
DA:164,26
DA:165,26
DA:166,26
DA:167,26
DA:169,26
DA:188,26
DA:190,26
DA:191,26
DA:192,26
DA:194,26
DA:197,26
DA:198,26
DA:200,26
DA:206,26
DA:208,26
DA:216,26
DA:218,26
DA:221,26
DA:223,26
DA:228,26
DA:229,26
DA:232,1
DA:233,25
DA:234,25
DA:237,1
DA:238,1
DA:239,1
DA:241,1
DA:242,257
DA:243,257
DA:244,257
DA:246,1
DA:247,37
DA:248,37
DA:249,37
DA:250,37
DA:251,37
DA:252,37
DA:253,37
DA:254,37
DA:255,37
DA:256,37
DA:257,37
DA:258,37
DA:259,37
DA:261,1
DA:262,87
DA:263,87
DA:264,87
DA:265,87
DA:266,87
DA:267,87
DA:268,87
DA:270,1
DA:271,246
DA:272,246
DA:273,246
DA:274,246
DA:277,246
DA:278,246
DA:280,1
DA:281,109
DA:282,109
DA:283,109
DA:284,109
DA:285,109
DA:286,109
DA:287,109
DA:288,109
DA:289,109
DA:290,109
DA:291,109
DA:292,109
DA:293,109
DA:295,1
DA:296,332
DA:297,332
DA:298,332
DA:300,1
DA:301,86
DA:302,86
DA:304,1
DA:305,171
DA:306,171
DA:307,171
DA:308,171
DA:309,171
DA:310,171
DA:311,171
DA:312,171
DA:313,171
DA:315,1
DA:316,86
DA:317,86
DA:318,86
DA:319,86
DA:320,86
DA:321,86
DA:322,86
DA:323,86
DA:324,86
DA:325,86
DA:326,86
DA:328,1
DA:329,102
DA:330,102
DA:331,102
DA:332,102
DA:333,102
DA:334,102
DA:335,102
DA:336,102
DA:337,102
DA:338,102
DA:340,1
DA:341,2
DA:342,2
DA:343,8
DA:344,8
DA:345,8
DA:346,8
DA:347,8
DA:348,8
DA:349,2
DA:350,2
DA:352,1
DA:353,4
DA:354,4
DA:355,4
DA:356,4
DA:357,4
DA:359,1
DA:360,0
DA:361,0
DA:362,0
DA:363,0
DA:364,0
DA:366,1
DA:367,3
DA:368,3
DA:369,3
DA:372,3
DA:373,3
DA:374,3
DA:375,4
DA:376,4
DA:377,4
DA:378,4
DA:379,4
DA:380,4
DA:381,4
DA:382,3
DA:383,3
DA:384,1
DA:430,583
DA:431,583
DA:432,583
DA:433,583
DA:434,583
DA:435,583
DA:436,583
DA:437,583
DA:438,583
DA:439,583
DA:440,583
DA:441,583
DA:442,583
DA:443,583
DA:444,583
DA:446,233
DA:447,233
DA:448,233
DA:449,233
DA:450,233
DA:451,233
DA:452,233
DA:453,233
DA:454,233
DA:455,233
DA:456,233
DA:457,233
DA:458,233
DA:459,233
LF:208
LH:203
BRDA:122,0,0,26
BRDA:137,1,0,26
BRDA:141,2,0,4
BRDA:232,3,0,25
BRDA:237,4,0,1
BRDA:241,5,0,257
BRDA:243,6,0,0
BRDA:246,7,0,37
BRDA:251,8,0,0
BRDA:261,9,0,87
BRDA:266,10,0,321
BRDA:270,11,0,246
BRDA:277,12,0,233
BRDA:277,13,0,13
BRDA:280,14,0,109
BRDA:295,15,0,332
BRDA:297,16,0,331
BRDA:297,17,0,1
BRDA:300,18,0,86
BRDA:304,19,0,171
BRDA:311,20,0,0
BRDA:315,21,0,86
BRDA:319,22,0,41
BRDA:319,23,0,45
BRDA:328,24,0,102
BRDA:334,25,0,6
BRDA:335,26,0,4
BRDA:340,27,0,2
BRDA:342,28,0,8
BRDA:346,29,0,0
BRDA:347,30,0,2
BRDA:352,31,0,4
BRDA:366,32,0,3
BRDA:374,33,0,4
BRDA:430,34,0,583
BRDA:436,35,0,0
BRDA:446,36,0,233
BRF:37
BRH:32
end_of_record
